c:\users\brandon\desktop\school\fall 2014\cs 420\zookie_v2\meet-zooki\sfml1\sfml1\debug\vc120.pdb
c:\users\brandon\desktop\school\fall 2014\cs 420\zookie_v2\meet-zooki\sfml1\sfml1\debug\vc120.idb
c:\users\brandon\desktop\school\fall 2014\cs 420\zookie_v2\meet-zooki\sfml1\sfml1\debug\editor.obj
c:\users\brandon\desktop\school\fall 2014\cs 420\zookie_v2\meet-zooki\sfml1\sfml1\debug\tile.obj
c:\users\brandon\desktop\school\fall 2014\cs 420\zookie_v2\meet-zooki\sfml1\sfml1\debug\zooki.obj
c:\users\brandon\desktop\school\fall 2014\cs 420\zookie_v2\meet-zooki\sfml1\sfml1\debug\cone.obj
c:\users\brandon\desktop\school\fall 2014\cs 420\zookie_v2\meet-zooki\sfml1\sfml1\debug\hud.obj
c:\users\brandon\desktop\school\fall 2014\cs 420\zookie_v2\meet-zooki\sfml1\sfml1\debug\igloo.obj
c:\users\brandon\desktop\school\fall 2014\cs 420\zookie_v2\meet-zooki\sfml1\sfml1\debug\loadsprites.obj
c:\users\brandon\desktop\school\fall 2014\cs 420\zookie_v2\meet-zooki\sfml1\sfml1\debug\sound.obj
c:\users\brandon\desktop\school\fall 2014\cs 420\zookie_v2\meet-zooki\sfml1\sfml1\debug\titlescreen.obj
c:\users\brandon\desktop\school\fall 2014\cs 420\zookie_v2\meet-zooki\sfml1\sfml1\debug\main.obj
c:\users\brandon\desktop\school\fall 2014\cs 420\zookie_v2_2\meet-zooki\sfml1\sfml1\debug\vc120.pdb
c:\users\brandon\desktop\school\fall 2014\cs 420\zookie_v2_2\meet-zooki\sfml1\sfml1\debug\vc120.idb
c:\users\brandon\desktop\school\fall 2014\cs 420\zookie_v2_2\meet-zooki\sfml1\sfml1\debug\cone.obj
c:\users\brandon\desktop\school\fall 2014\cs 420\zookie_v2_2\meet-zooki\sfml1\sfml1\debug\editor.obj
c:\users\brandon\desktop\school\fall 2014\cs 420\zookie_v2_2\meet-zooki\sfml1\sfml1\debug\hud.obj
c:\users\brandon\desktop\school\fall 2014\cs 420\zookie_v2_2\meet-zooki\sfml1\sfml1\debug\igloo.obj
c:\users\brandon\desktop\school\fall 2014\cs 420\zookie_v2_2\meet-zooki\sfml1\sfml1\debug\loadsprites.obj
c:\users\brandon\desktop\school\fall 2014\cs 420\zookie_v2_2\meet-zooki\sfml1\sfml1\debug\main.obj
c:\users\brandon\desktop\school\fall 2014\cs 420\zookie_v2_2\meet-zooki\sfml1\sfml1\debug\sound.obj
c:\users\brandon\desktop\school\fall 2014\cs 420\zookie_v2_2\meet-zooki\sfml1\sfml1\debug\tile.obj
c:\users\brandon\desktop\school\fall 2014\cs 420\zookie_v2_2\meet-zooki\sfml1\sfml1\debug\titlescreen.obj
c:\users\brandon\desktop\school\fall 2014\cs 420\zookie_v2_2\meet-zooki\sfml1\sfml1\debug\zooki.obj
c:\users\brandon\desktop\school\fall 2014\cs 420\zookie_v2\meet-zooki\sfml1\debug\zooki.ilk
c:\users\brandon\desktop\school\fall 2014\cs 420\zookie_v2\meet-zooki\sfml1\debug\zooki.exe
c:\users\brandon\desktop\school\fall 2014\cs 420\zookie_v2\meet-zooki\sfml1\debug\zooki.pdb
c:\users\brandon\desktop\school\fall 2014\cs 420\zookie_v2_2\meet-zooki\sfml1\debug\zooki.ilk
c:\users\brandon\desktop\school\fall 2014\cs 420\zookie_v2_2\meet-zooki\sfml1\debug\zooki.exe
c:\users\brandon\desktop\school\fall 2014\cs 420\zookie_v2_2\meet-zooki\sfml1\debug\zooki.pdb
c:\users\brandon\desktop\school\fall 2014\cs 420\zookie_v2_2\meet-zooki\sfml1\sfml1\debug\zooki.tlog\cl.command.1.tlog
c:\users\brandon\desktop\school\fall 2014\cs 420\zookie_v2_2\meet-zooki\sfml1\sfml1\debug\zooki.tlog\cl.read.1.tlog
c:\users\brandon\desktop\school\fall 2014\cs 420\zookie_v2_2\meet-zooki\sfml1\sfml1\debug\zooki.tlog\cl.write.1.tlog
c:\users\brandon\desktop\school\fall 2014\cs 420\zookie_v2_2\meet-zooki\sfml1\sfml1\debug\zooki.tlog\link.command.1.tlog
c:\users\brandon\desktop\school\fall 2014\cs 420\zookie_v2_2\meet-zooki\sfml1\sfml1\debug\zooki.tlog\link.read.1.tlog
c:\users\brandon\desktop\school\fall 2014\cs 420\zookie_v2_2\meet-zooki\sfml1\sfml1\debug\zooki.tlog\link.write.1.tlog
